Reading netlist file: "C:\Users\jacob\OneDrive\Desktop\Sistemas Digitales\Circuitos Multisim o Fpga\proyecto final\impl\gwsynthesis\proyecto final.vg"
Parsing netlist file "C:\Users\jacob\OneDrive\Desktop\Sistemas Digitales\Circuitos Multisim o Fpga\proyecto final\impl\gwsynthesis\proyecto final.vg" completed
Processing netlist completed
Reading constraint file: "C:\Users\jacob\OneDrive\Desktop\Sistemas Digitales\Circuitos Multisim o Fpga\proyecto final\src\proyecto final.cst"
Physical Constraint parsed completed
Running placement......
[10%] Placement Phase 0 completed
[20%] Placement Phase 1 completed
[30%] Placement Phase 2 completed
[50%] Placement Phase 3 completed
Running routing......
[60%] Routing Phase 0 completed
[70%] Routing Phase 1 completed
[80%] Routing Phase 2 completed
[90%] Routing Phase 3 completed
Running timing analysis......
[95%] Timing analysis completed
Placement and routing completed
Bitstream generation in progress......
Bitstream generation completed
Running power analysis......
[100%] Power analysis completed
Generate file "C:\Users\jacob\OneDrive\Desktop\Sistemas Digitales\Circuitos Multisim o Fpga\proyecto final\impl\pnr\proyecto final.power.html" completed
Generate file "C:\Users\jacob\OneDrive\Desktop\Sistemas Digitales\Circuitos Multisim o Fpga\proyecto final\impl\pnr\proyecto final.pin.html" completed
Generate file "C:\Users\jacob\OneDrive\Desktop\Sistemas Digitales\Circuitos Multisim o Fpga\proyecto final\impl\pnr\proyecto final.rpt.html" completed
Generate file "C:\Users\jacob\OneDrive\Desktop\Sistemas Digitales\Circuitos Multisim o Fpga\proyecto final\impl\pnr\proyecto final.rpt.txt" completed
Generate file "C:\Users\jacob\OneDrive\Desktop\Sistemas Digitales\Circuitos Multisim o Fpga\proyecto final\impl\pnr\proyecto final.tr.html" completed
Fri Aug  9 21:32:27 2024

