Reading netlist file: "C:\Users\ooval\Desktop\ITLA\C-12\SISTEMA DIGITALES\CUATRINUEVO VIDA NUEVA\arreglandocodes\Musica\impl\gwsynthesis\Musica.vg"
Parsing netlist file "C:\Users\ooval\Desktop\ITLA\C-12\SISTEMA DIGITALES\CUATRINUEVO VIDA NUEVA\arreglandocodes\Musica\impl\gwsynthesis\Musica.vg" completed
Processing netlist completed
Reading constraint file: "C:\Users\ooval\Desktop\ITLA\C-12\SISTEMA DIGITALES\CUATRINUEVO VIDA NUEVA\arreglandocodes\Musica\src\Musica.cst"
Physical Constraint parsed completed
Running placement......
[10%] Placement Phase 0 completed
[20%] Placement Phase 1 completed
[30%] Placement Phase 2 completed
[50%] Placement Phase 3 completed
Running routing......
[60%] Routing Phase 0 completed
[70%] Routing Phase 1 completed
[80%] Routing Phase 2 completed
WARN  (PR1014) : Generic routing resource will be used to clock signal 'boton_d' by the specified constraint. And then it may lead to the excessive delay or skew
[90%] Routing Phase 3 completed
Running timing analysis......
[95%] Timing analysis completed
Placement and routing completed
Bitstream generation in progress......
Bitstream generation completed
Running power analysis......
[100%] Power analysis completed
Generate file "C:\Users\ooval\Desktop\ITLA\C-12\SISTEMA DIGITALES\CUATRINUEVO VIDA NUEVA\arreglandocodes\Musica\impl\pnr\Musica.power.html" completed
Generate file "C:\Users\ooval\Desktop\ITLA\C-12\SISTEMA DIGITALES\CUATRINUEVO VIDA NUEVA\arreglandocodes\Musica\impl\pnr\Musica.pin.html" completed
Generate file "C:\Users\ooval\Desktop\ITLA\C-12\SISTEMA DIGITALES\CUATRINUEVO VIDA NUEVA\arreglandocodes\Musica\impl\pnr\Musica.rpt.html" completed
Generate file "C:\Users\ooval\Desktop\ITLA\C-12\SISTEMA DIGITALES\CUATRINUEVO VIDA NUEVA\arreglandocodes\Musica\impl\pnr\Musica.rpt.txt" completed
Generate file "C:\Users\ooval\Desktop\ITLA\C-12\SISTEMA DIGITALES\CUATRINUEVO VIDA NUEVA\arreglandocodes\Musica\impl\pnr\Musica.tr.html" completed
Mon Jul 29 11:31:19 2024

